[Fri Feb  3 15:20:26 2017] INFO: Opened log file Urho3D.log
[Fri Feb  3 15:20:26 2017] INFO: Created 3 worker threads
[Fri Feb  3 15:20:26 2017] INFO: Added resource path /home/vince/.dev/urhosandbox/build/bin/Data/
[Fri Feb  3 15:20:26 2017] INFO: Added resource path /home/vince/.dev/urhosandbox/build/bin/CoreData/
[Fri Feb  3 15:20:26 2017] INFO: Set screen mode 1440x900 windowed
[Fri Feb  3 15:20:26 2017] INFO: Initialized input
[Fri Feb  3 15:20:26 2017] INFO: Initialized user interface
[Fri Feb  3 15:20:26 2017] INFO: Initialized renderer
[Fri Feb  3 15:20:26 2017] INFO: Set audio mode 44100 Hz stereo interpolated
[Fri Feb  3 15:20:26 2017] INFO: Initialized engine
[Fri Feb  3 15:20:26 2017] INFO: Loading scene from Scenes/ttest2.xml
[Fri Feb  3 15:20:26 2017] INFO: Compiled script module Scripts/Mobile.as
[Fri Feb  3 15:20:37 2017] INFO: Compiled script module Scripts/ShootBox.as
Computing Path...
Target is not on ground: 0, 0, 0
Computing Path...
Computing Path...
Computing Path...
Computing Path...
Computing Path...
Computing Path...
Computing Path...
Computing Path...
Computing Path...
Computing Path...
Computing Path...
Computing Path...
Computing Path...
Computing Path...
Computing Path...
Target is not on ground: 102.584, 74.4928, 9.10069
Trying: 102.584, 70.3191, 9.10069
Computing Path...
Target is not on ground: 102.579, 74.7321, 9.10783
Trying: 102.579, 70.3192, 9.10783
Computing Path...
Computing Path...
Computing Path...
Computing Path...
Computing Path...
Computing Path...
Computing Path...
Computing Path...
Computing Path...
Computing Path...
Computing Path...
Computing Path...
Computing Path...
Computing Path...
Computing Path...
Computing Path...
Computing Path...
Computing Path...
Computing Path...
Computing Path...
Computing Path...
Computing Path...
Computing Path...
Computing Path...
Computing Path...
Computing Path...
Computing Path...
Computing Path...
Computing Path...
Computing Path...
Computing Path...
Computing Path...
Computing Path...
Computing Path...
Computing Path...
Computing Path...
Computing Path...
Computing Path...
Computing Path...
Computing Path...
Computing Path...
Computing Path...
Computing Path...
Computing Path...
Computing Path...
Computing Path...
Target is not on ground: -33.9515, 48.6561, -40.3722
Trying: -33.9515, 43.233, -40.3722
Computing Path...
Computing Path...
Computing Path...
Computing Path...
Computing Path...
Computing Path...
Computing Path...
Computing Path...
Computing Path...
Computing Path...
Computing Path...
Computing Path...
Computing Path...
Computing Path...
Computing Path...
Computing Path...
Computing Path...
Computing Path...
Computing Path...
Computing Path...
Computing Path...
Computing Path...
Computing Path...
Computing Path...
Computing Path...
Computing Path...
Computing Path...
Computing Path...
Computing Path...
Computing Path...
Computing Path...
Computing Path...
Computing Path...
Computing Path...
Computing Path...
Computing Path...
Computing Path...
Computing Path...
Computing Path...
Computing Path...
Computing Path...
Computing Path...
Computing Path...
Target is not on ground: -57.8502, 48.2098, -65.23
Trying: -57.8502, 43.2074, -65.23
Computing Path...
Target is not on ground: -57.8812, 48.4713, -65.2343
Trying: -57.8812, 43.2095, -65.2343
Computing Path...
Computing Path...
Computing Path...
Computing Path...
Computing Path...
Computing Path...
Computing Path...
Computing Path...
Computing Path...
Computing Path...
Computing Path...
Computing Path...
Computing Path...
Computing Path...
Computing Path...
Computing Path...
Computing Path...
Computing Path...
Computing Path...
Computing Path...
Computing Path...
Computing Path...
Computing Path...
Computing Path...
Computing Path...
Computing Path...
Computing Path...
Computing Path...
Computing Path...
Computing Path...
Computing Path...
Computing Path...
Computing Path...
Computing Path...
Computing Path...
Computing Path...
Computing Path...
Computing Path...
Computing Path...
Computing Path...
Computing Path...
Computing Path...
Computing Path...
Computing Path...
Computing Path...
Computing Path...
Computing Path...
Computing Path...
Computing Path...
Computing Path...
Computing Path...
Computing Path...
Computing Path...
Computing Path...
Computing Path...
Computing Path...
Computing Path...
Computing Path...
Computing Path...
Computing Path...
Computing Path...
Computing Path...
Computing Path...
Computing Path...
Computing Path...
Computing Path...
Computing Path...
Computing Path...
Computing Path...
Computing Path...
Computing Path...
Computing Path...
Computing Path...
Computing Path...
Computing Path...
Computing Path...
Computing Path...
Computing Path...
Computing Path...
Computing Path...
Computing Path...
Computing Path...
Computing Path...
Computing Path...
Computing Path...
Computing Path...
Computing Path...
Computing Path...
Computing Path...
Computing Path...
Computing Path...
Computing Path...
Computing Path...
Computing Path...
Computing Path...
Computing Path...
Computing Path...
Computing Path...
Computing Path...
Computing Path...
Computing Path...
Computing Path...
Computing Path...
Computing Path...
Computing Path...
Computing Path...
Computing Path...
Computing Path...
Computing Path...
Computing Path...
Computing Path...
Computing Path...
Computing Path...
Computing Path...
Computing Path...
Computing Path...
Computing Path...
Computing Path...
Computing Path...
Computing Path...
Computing Path...
Computing Path...
Computing Path...
Computing Path...
Computing Path...
Computing Path...
Computing Path...
Computing Path...
Computing Path...
Computing Path...
Computing Path...
Computing Path...
Computing Path...
Computing Path...
Computing Path...
Computing Path...
Computing Path...
Computing Path...
Computing Path...
Computing Path...
Computing Path...
Computing Path...
Computing Path...
Computing Path...
Computing Path...
Computing Path...
Computing Path...
Computing Path...
Computing Path...
Computing Path...
Computing Path...
Computing Path...
Computing Path...
Computing Path...
Computing Path...
Computing Path...
Computing Path...
Computing Path...
Computing Path...
Computing Path...
Computing Path...
Computing Path...
Computing Path...
Computing Path...
Computing Path...
Computing Path...
Computing Path...
Computing Path...
Computing Path...
Computing Path...
Computing Path...
Computing Path...
Computing Path...
Computing Path...
Computing Path...
Computing Path...
Computing Path...
Computing Path...
Target is not on ground: -19.5551, 51.0443, -35.9473
Trying: -19.5551, 46.4, -35.9473
Computing Path...
Computing Path...
Computing Path...
Computing Path...
Computing Path...
Computing Path...
Computing Path...
Computing Path...
Computing Path...
Computing Path...
Computing Path...
Computing Path...
Computing Path...
Computing Path...
Computing Path...
Computing Path...
Computing Path...
Computing Path...
Computing Path...
Computing Path...
Computing Path...
Computing Path...
Computing Path...
Computing Path...
Computing Path...
Computing Path...
Computing Path...
Computing Path...
Computing Path...
Computing Path...
Computing Path...
Computing Path...
Computing Path...
Computing Path...
Computing Path...
Computing Path...
Computing Path...
Computing Path...
Computing Path...
Computing Path...
Computing Path...
Computing Path...
Computing Path...
Computing Path...
Computing Path...
Computing Path...
Computing Path...
Computing Path...
Computing Path...
Computing Path...
Computing Path...
Computing Path...
Computing Path...
Computing Path...
Computing Path...
Computing Path...
Computing Path...
Computing Path...
Computing Path...
Computing Path...
Computing Path...
Computing Path...
Computing Path...
Computing Path...
Computing Path...
Computing Path...
Computing Path...
Computing Path...
Computing Path...
Computing Path...
Computing Path...
Computing Path...
Computing Path...
Computing Path...
Computing Path...
Computing Path...
Computing Path...
Computing Path...
Computing Path...
Computing Path...
